<?xml version="1.0" encoding="UTF-8"?>
<!-- Generated by org.testng.reporters.JUnitXMLReporter -->
<testsuite ignored="0" hostname="DESKTOP-QVM6J4J" failures="1" tests="1" name="Test_chrome" time="36.154" errors="0" timestamp="2022-06-25T19:33:45 IST">
  <testcase classname="com.Test.VerifyLoginTest" name="verity_tc_01_loginwithvalidcredentials" time="20.36">
    <failure type="java.lang.AssertionError" message="expected [true] but found [false]">
      <![CDATA[java.lang.AssertionError: expected [true] but found [false]
at com.Test.VerifyLoginTest.verity_tc_01_loginwithvalidcredentials(VerifyLoginTest.java:21)
at java.base/java.util.ArrayList.forEach(ArrayList.java:1540)
... Removed 31 stack frames]]>
    </failure>
  </testcase> <!-- verity_tc_01_loginwithvalidcredentials -->
</testsuite> <!-- Test_chrome -->
